2018-04-25 22:42:13,965 CRIT Supervisor running as root (no user in config file)
2018-04-25 22:42:13,971 INFO supervisord started with pid 1
2018-04-25 22:42:14,975 INFO spawned: 'userdetails' with pid 7
2018-04-25 22:42:14,978 INFO spawned: 'api' with pid 8
2018-04-25 22:42:15,640 INFO exited: userdetails (exit status 0; not expected)
2018-04-25 22:42:16,643 INFO spawned: 'userdetails' with pid 15
2018-04-25 22:42:16,644 INFO success: api entered RUNNING state, process has stayed up for > than 1 seconds (startsecs)
2018-04-25 22:42:17,252 INFO exited: userdetails (exit status 1; not expected)
2018-04-25 22:42:19,256 INFO spawned: 'userdetails' with pid 19
2018-04-25 22:42:19,864 INFO exited: userdetails (exit status 1; not expected)
2018-04-25 22:42:22,869 INFO spawned: 'userdetails' with pid 23
2018-04-25 22:42:23,475 INFO exited: userdetails (exit status 1; not expected)
2018-04-25 22:42:24,475 INFO gave up: userdetails entered FATAL state, too many start retries too quickly
2018-04-25 22:43:12,888 WARN received SIGTERM indicating exit request
2018-04-25 22:43:12,888 INFO waiting for api to die
2018-04-25 22:43:12,891 INFO stopped: api (terminated by SIGTERM)
2018-04-25 22:43:27,345 CRIT Supervisor running as root (no user in config file)
2018-04-25 22:43:27,350 INFO supervisord started with pid 1
2018-04-25 22:43:28,353 INFO spawned: 'userdetails' with pid 7
2018-04-25 22:43:28,357 INFO spawned: 'api' with pid 8
2018-04-25 22:43:29,007 INFO exited: userdetails (exit status 0; not expected)
2018-04-25 22:43:30,010 INFO spawned: 'userdetails' with pid 15
2018-04-25 22:43:30,011 INFO success: api entered RUNNING state, process has stayed up for > than 1 seconds (startsecs)
2018-04-25 22:43:30,617 INFO exited: userdetails (exit status 1; not expected)
2018-04-25 22:43:32,621 INFO spawned: 'userdetails' with pid 19
2018-04-25 22:43:33,232 INFO exited: userdetails (exit status 1; not expected)
2018-04-25 22:43:36,237 INFO spawned: 'userdetails' with pid 23
2018-04-25 22:43:36,846 INFO exited: userdetails (exit status 1; not expected)
2018-04-25 22:43:37,848 INFO gave up: userdetails entered FATAL state, too many start retries too quickly
2018-04-25 22:46:09,532 WARN received SIGTERM indicating exit request
2018-04-25 22:46:09,532 INFO waiting for api to die
2018-04-25 22:46:09,537 INFO stopped: api (terminated by SIGTERM)
2018-04-25 22:47:29,700 CRIT Supervisor running as root (no user in config file)
2018-04-25 22:47:29,704 INFO supervisord started with pid 1
2018-04-25 22:47:30,707 INFO spawned: 'userdetails' with pid 7
2018-04-25 22:47:30,709 INFO spawned: 'api' with pid 8
2018-04-25 22:47:31,323 INFO exited: userdetails (exit status 0; not expected)
2018-04-25 22:47:32,327 INFO spawned: 'userdetails' with pid 15
2018-04-25 22:47:32,328 INFO success: api entered RUNNING state, process has stayed up for > than 1 seconds (startsecs)
2018-04-25 22:47:32,937 INFO exited: userdetails (exit status 1; not expected)
2018-04-25 22:47:34,941 INFO spawned: 'userdetails' with pid 19
2018-04-25 22:47:35,550 INFO exited: userdetails (exit status 1; not expected)
2018-04-25 22:47:38,555 INFO spawned: 'userdetails' with pid 23
2018-04-25 22:47:39,166 INFO exited: userdetails (exit status 1; not expected)
2018-04-25 22:47:40,168 INFO gave up: userdetails entered FATAL state, too many start retries too quickly
2018-04-25 22:52:04,662 WARN received SIGTERM indicating exit request
2018-04-25 22:52:04,663 INFO waiting for api to die
2018-04-25 22:52:04,666 INFO stopped: api (terminated by SIGTERM)
2018-04-25 22:52:27,370 CRIT Supervisor running as root (no user in config file)
2018-04-25 22:52:27,374 INFO supervisord started with pid 1
2018-04-25 22:52:28,377 INFO spawned: 'userdetails' with pid 7
2018-04-25 22:52:28,380 INFO spawned: 'api' with pid 8
2018-04-25 22:52:29,032 INFO exited: userdetails (exit status 0; not expected)
2018-04-25 22:52:30,035 INFO spawned: 'userdetails' with pid 15
2018-04-25 22:52:30,036 INFO success: api entered RUNNING state, process has stayed up for > than 1 seconds (startsecs)
2018-04-25 22:52:30,645 INFO exited: userdetails (exit status 0; not expected)
2018-04-25 22:52:32,649 INFO spawned: 'userdetails' with pid 19
2018-04-25 22:52:33,262 INFO exited: userdetails (exit status 0; not expected)
2018-04-25 22:52:36,267 INFO spawned: 'userdetails' with pid 23
2018-04-25 22:52:36,874 INFO exited: userdetails (exit status 0; not expected)
2018-04-25 22:52:37,875 INFO gave up: userdetails entered FATAL state, too many start retries too quickly
2018-04-25 22:52:39,069 WARN received SIGTERM indicating exit request
2018-04-25 22:52:39,069 INFO waiting for api to die
2018-04-25 22:52:39,071 INFO stopped: api (terminated by SIGTERM)
2018-04-25 22:53:06,705 CRIT Supervisor running as root (no user in config file)
2018-04-25 22:53:06,724 INFO supervisord started with pid 1
2018-04-25 22:53:07,728 INFO spawned: 'userdetails' with pid 7
2018-04-25 22:53:07,731 INFO spawned: 'api' with pid 8
2018-04-25 22:53:08,388 INFO exited: userdetails (exit status 0; not expected)
2018-04-25 22:53:09,391 INFO spawned: 'userdetails' with pid 15
2018-04-25 22:53:09,392 INFO success: api entered RUNNING state, process has stayed up for > than 1 seconds (startsecs)
2018-04-25 22:53:09,997 INFO exited: userdetails (exit status 0; not expected)
2018-04-25 22:53:12,001 INFO spawned: 'userdetails' with pid 19
2018-04-25 22:53:12,606 INFO exited: userdetails (exit status 0; not expected)
2018-04-25 22:53:15,612 INFO spawned: 'userdetails' with pid 23
2018-04-25 22:53:16,219 INFO exited: userdetails (exit status 0; not expected)
2018-04-25 22:53:17,221 INFO gave up: userdetails entered FATAL state, too many start retries too quickly
2018-04-25 22:58:28,935 WARN received SIGTERM indicating exit request
2018-04-25 22:58:28,935 INFO waiting for api to die
2018-04-25 22:58:28,938 INFO stopped: api (terminated by SIGTERM)
2018-04-25 22:58:50,073 CRIT Supervisor running as root (no user in config file)
2018-04-25 22:58:50,078 INFO supervisord started with pid 1
2018-04-25 22:58:51,081 INFO spawned: 'userdetails' with pid 10
2018-04-25 22:58:51,084 INFO spawned: 'api' with pid 11
2018-04-25 22:58:51,705 INFO exited: userdetails (exit status 0; not expected)
2018-04-25 22:58:52,708 INFO spawned: 'userdetails' with pid 18
2018-04-25 22:58:52,709 INFO success: api entered RUNNING state, process has stayed up for > than 1 seconds (startsecs)
2018-04-25 22:58:53,316 INFO exited: userdetails (exit status 0; not expected)
2018-04-25 22:58:55,320 INFO spawned: 'userdetails' with pid 22
2018-04-25 22:58:55,929 INFO exited: userdetails (exit status 0; not expected)
2018-04-25 22:58:58,934 INFO spawned: 'userdetails' with pid 26
2018-04-25 22:58:59,540 INFO exited: userdetails (exit status 0; not expected)
2018-04-25 22:59:00,541 INFO gave up: userdetails entered FATAL state, too many start retries too quickly
2018-04-25 23:00:33,762 WARN received SIGTERM indicating exit request
2018-04-25 23:00:33,762 INFO waiting for api to die
2018-04-25 23:00:33,765 INFO stopped: api (terminated by SIGTERM)
2018-04-25 23:01:47,403 CRIT Supervisor running as root (no user in config file)
2018-04-25 23:01:47,424 INFO supervisord started with pid 1
2018-04-25 23:01:48,428 INFO spawned: 'userdetails' with pid 8
2018-04-25 23:01:48,431 INFO spawned: 'api' with pid 9
2018-04-25 23:01:49,064 INFO exited: userdetails (exit status 0; not expected)
2018-04-25 23:01:50,066 INFO spawned: 'userdetails' with pid 16
2018-04-25 23:01:50,067 INFO success: api entered RUNNING state, process has stayed up for > than 1 seconds (startsecs)
2018-04-25 23:01:50,675 INFO exited: userdetails (exit status 0; not expected)
2018-04-25 23:01:52,678 INFO spawned: 'userdetails' with pid 20
2018-04-25 23:01:53,285 INFO exited: userdetails (exit status 0; not expected)
2018-04-25 23:01:56,290 INFO spawned: 'userdetails' with pid 24
2018-04-25 23:01:56,897 INFO exited: userdetails (exit status 0; not expected)
2018-04-25 23:01:57,899 INFO gave up: userdetails entered FATAL state, too many start retries too quickly
2018-04-25 23:05:57,897 WARN received SIGTERM indicating exit request
2018-04-25 23:05:57,897 INFO waiting for api to die
2018-04-25 23:05:57,901 INFO stopped: api (terminated by SIGTERM)
2018-04-25 23:06:19,400 CRIT Supervisor running as root (no user in config file)
2018-04-25 23:06:19,405 INFO supervisord started with pid 1
2018-04-25 23:06:20,408 INFO spawned: 'userdetails' with pid 7
2018-04-25 23:06:20,411 INFO spawned: 'api' with pid 8
2018-04-25 23:06:21,075 INFO exited: userdetails (exit status 0; not expected)
2018-04-25 23:06:22,079 INFO spawned: 'userdetails' with pid 15
2018-04-25 23:06:22,079 INFO success: api entered RUNNING state, process has stayed up for > than 1 seconds (startsecs)
2018-04-25 23:06:22,687 INFO exited: userdetails (exit status 0; not expected)
2018-04-25 23:06:24,035 WARN received SIGTERM indicating exit request
2018-04-25 23:06:24,038 INFO waiting for userdetails, api to die
2018-04-25 23:06:24,039 INFO stopped: api (terminated by SIGTERM)
2018-04-25 23:06:50,710 CRIT Supervisor running as root (no user in config file)
2018-04-25 23:06:50,723 INFO supervisord started with pid 1
2018-04-25 23:06:51,727 INFO spawned: 'userdetails' with pid 8
2018-04-25 23:06:51,734 INFO spawned: 'api' with pid 9
2018-04-25 23:06:52,984 INFO success: userdetails entered RUNNING state, process has stayed up for > than 1 seconds (startsecs)
2018-04-25 23:06:52,984 INFO success: api entered RUNNING state, process has stayed up for > than 1 seconds (startsecs)
2018-04-25 23:06:52,984 INFO exited: userdetails (exit status 0; expected)
2018-04-25 23:07:08,417 WARN received SIGTERM indicating exit request
2018-04-25 23:07:08,417 INFO waiting for api to die
2018-04-25 23:07:08,420 INFO stopped: api (terminated by SIGTERM)
2018-04-25 23:07:19,123 CRIT Supervisor running as root (no user in config file)
2018-04-25 23:07:19,127 INFO supervisord started with pid 1
2018-04-25 23:07:20,130 INFO spawned: 'userdetails' with pid 7
2018-04-25 23:07:20,132 INFO spawned: 'api' with pid 8
2018-04-25 23:07:20,751 INFO exited: userdetails (exit status 0; not expected)
2018-04-25 23:07:21,754 INFO spawned: 'userdetails' with pid 15
2018-04-25 23:07:21,755 INFO success: api entered RUNNING state, process has stayed up for > than 1 seconds (startsecs)
2018-04-25 23:07:22,363 INFO exited: userdetails (exit status 0; not expected)
2018-04-25 23:07:24,367 INFO spawned: 'userdetails' with pid 19
2018-04-25 23:07:24,977 INFO exited: userdetails (exit status 0; not expected)
2018-04-25 23:07:27,983 INFO spawned: 'userdetails' with pid 23
2018-04-25 23:07:28,592 INFO exited: userdetails (exit status 0; not expected)
2018-04-25 23:07:29,594 INFO gave up: userdetails entered FATAL state, too many start retries too quickly
2018-04-25 23:08:29,049 WARN received SIGTERM indicating exit request
2018-04-25 23:08:29,049 INFO waiting for api to die
2018-04-25 23:08:29,052 INFO stopped: api (terminated by SIGTERM)
2018-04-25 23:08:31,616 CRIT Supervisor running as root (no user in config file)
2018-04-25 23:08:31,620 INFO supervisord started with pid 1
2018-04-25 23:08:32,623 INFO spawned: 'userdetails' with pid 7
2018-04-25 23:08:32,627 INFO spawned: 'api' with pid 8
2018-04-25 23:08:33,285 INFO exited: userdetails (exit status 0; not expected)
2018-04-25 23:08:34,287 INFO spawned: 'userdetails' with pid 15
2018-04-25 23:08:34,289 INFO success: api entered RUNNING state, process has stayed up for > than 1 seconds (startsecs)
2018-04-25 23:08:34,897 INFO exited: userdetails (exit status 0; not expected)
2018-04-25 23:08:36,901 INFO spawned: 'userdetails' with pid 19
2018-04-25 23:08:37,511 INFO exited: userdetails (exit status 0; not expected)
2018-04-25 23:08:40,516 INFO spawned: 'userdetails' with pid 23
2018-04-25 23:08:41,127 INFO exited: userdetails (exit status 0; not expected)
2018-04-25 23:08:42,129 INFO gave up: userdetails entered FATAL state, too many start retries too quickly
2018-04-25 23:12:53,332 WARN received SIGTERM indicating exit request
2018-04-25 23:12:53,332 INFO waiting for api to die
2018-04-25 23:12:53,335 INFO stopped: api (terminated by SIGTERM)
2018-04-25 23:13:48,032 CRIT Supervisor running as root (no user in config file)
2018-04-25 23:13:48,048 INFO supervisord started with pid 1
2018-04-25 23:13:49,051 INFO spawned: 'userdetails' with pid 8
2018-04-25 23:13:49,055 INFO spawned: 'api' with pid 9
2018-04-25 23:13:50,329 INFO success: userdetails entered RUNNING state, process has stayed up for > than 1 seconds (startsecs)
2018-04-25 23:13:50,329 INFO success: api entered RUNNING state, process has stayed up for > than 1 seconds (startsecs)
2018-04-25 23:13:50,329 INFO exited: userdetails (exit status 0; expected)
2018-04-25 23:13:59,794 WARN received SIGTERM indicating exit request
2018-04-25 23:13:59,794 INFO waiting for api to die
2018-04-25 23:13:59,797 INFO stopped: api (terminated by SIGTERM)
2018-04-25 23:14:02,768 CRIT Supervisor running as root (no user in config file)
2018-04-25 23:14:02,773 INFO supervisord started with pid 1
2018-04-25 23:14:03,776 INFO spawned: 'userdetails' with pid 7
2018-04-25 23:14:03,779 INFO spawned: 'api' with pid 8
2018-04-25 23:14:04,411 INFO exited: userdetails (exit status 0; not expected)
2018-04-25 23:14:05,414 INFO spawned: 'userdetails' with pid 15
2018-04-25 23:14:05,415 INFO success: api entered RUNNING state, process has stayed up for > than 1 seconds (startsecs)
2018-04-25 23:14:06,026 INFO exited: userdetails (exit status 0; not expected)
2018-04-25 23:14:08,030 INFO spawned: 'userdetails' with pid 19
2018-04-25 23:14:08,641 INFO exited: userdetails (exit status 0; not expected)
2018-04-25 23:14:11,646 INFO spawned: 'userdetails' with pid 23
2018-04-25 23:14:12,257 INFO exited: userdetails (exit status 0; not expected)
2018-04-25 23:14:13,258 INFO gave up: userdetails entered FATAL state, too many start retries too quickly
2018-04-25 23:14:43,107 WARN received SIGTERM indicating exit request
2018-04-25 23:14:43,109 INFO waiting for api to die
2018-04-25 23:14:43,110 INFO stopped: api (terminated by SIGTERM)
2018-04-25 23:14:46,099 CRIT Supervisor running as root (no user in config file)
2018-04-25 23:14:46,103 INFO supervisord started with pid 1
2018-04-25 23:14:47,107 INFO spawned: 'userdetails' with pid 7
2018-04-25 23:14:47,110 INFO spawned: 'api' with pid 8
2018-04-25 23:14:47,743 INFO exited: userdetails (exit status 0; not expected)
2018-04-25 23:14:48,746 INFO spawned: 'userdetails' with pid 15
2018-04-25 23:14:48,747 INFO success: api entered RUNNING state, process has stayed up for > than 1 seconds (startsecs)
2018-04-25 23:14:49,358 INFO exited: userdetails (exit status 0; not expected)
2018-04-25 23:14:51,362 INFO spawned: 'userdetails' with pid 19
2018-04-25 23:14:51,970 INFO exited: userdetails (exit status 0; not expected)
2018-04-25 23:14:52,631 WARN received SIGTERM indicating exit request
2018-04-25 23:14:52,634 INFO waiting for userdetails, api to die
2018-04-25 23:14:52,635 INFO stopped: api (terminated by SIGTERM)
2018-04-25 23:15:17,943 CRIT Supervisor running as root (no user in config file)
2018-04-25 23:15:17,968 INFO supervisord started with pid 1
2018-04-25 23:15:18,971 INFO spawned: 'userdetails' with pid 8
2018-04-25 23:15:18,974 INFO spawned: 'api' with pid 9
2018-04-25 23:15:20,125 INFO success: userdetails entered RUNNING state, process has stayed up for > than 1 seconds (startsecs)
2018-04-25 23:15:20,125 INFO success: api entered RUNNING state, process has stayed up for > than 1 seconds (startsecs)
2018-04-25 23:15:20,125 INFO exited: userdetails (exit status 0; expected)
2018-04-25 23:15:23,759 WARN received SIGTERM indicating exit request
2018-04-25 23:15:23,760 INFO waiting for api to die
2018-04-25 23:15:23,765 INFO stopped: api (terminated by SIGTERM)
2018-04-25 23:15:43,122 CRIT Supervisor running as root (no user in config file)
2018-04-25 23:15:43,126 INFO supervisord started with pid 1
2018-04-25 23:15:44,130 INFO spawned: 'userdetails' with pid 8
2018-04-25 23:15:44,133 INFO spawned: 'api' with pid 9
2018-04-25 23:15:44,766 INFO exited: userdetails (exit status 0; not expected)
2018-04-25 23:15:45,769 INFO spawned: 'userdetails' with pid 16
2018-04-25 23:15:45,770 INFO success: api entered RUNNING state, process has stayed up for > than 1 seconds (startsecs)
2018-04-25 23:15:46,379 INFO exited: userdetails (exit status 0; not expected)
2018-04-25 23:15:48,383 INFO spawned: 'userdetails' with pid 20
2018-04-25 23:15:48,398 WARN received SIGTERM indicating exit request
2018-04-25 23:15:48,398 INFO waiting for userdetails, api to die
2018-04-25 23:15:48,401 INFO stopped: api (terminated by SIGTERM)
2018-04-25 23:15:48,402 INFO stopped: userdetails (terminated by SIGTERM)
2018-04-25 23:16:15,534 CRIT Supervisor running as root (no user in config file)
2018-04-25 23:16:15,550 INFO supervisord started with pid 1
2018-04-25 23:16:16,553 INFO spawned: 'userdetails' with pid 8
2018-04-25 23:16:16,557 INFO spawned: 'api' with pid 9
2018-04-25 23:16:17,790 INFO success: userdetails entered RUNNING state, process has stayed up for > than 1 seconds (startsecs)
2018-04-25 23:16:17,790 INFO success: api entered RUNNING state, process has stayed up for > than 1 seconds (startsecs)
2018-04-25 23:16:17,791 INFO exited: userdetails (exit status 0; expected)
2018-04-25 23:16:22,446 WARN received SIGTERM indicating exit request
2018-04-25 23:16:22,446 INFO waiting for api to die
2018-04-25 23:16:22,448 INFO stopped: api (terminated by SIGTERM)
